<?xml version="1.0" encoding="UTF-8"?>
<!-- Generated by org.testng.reporters.JUnitXMLReporter -->
<testsuite hostname="ASUS" failures="0" tests="4" name="Test" time="274.831" errors="0" timestamp="31 Mar 2019 13:06:02 GMT">
  <testcase classname="Academy.validateTitle" name="basePageNavigation" time="1.004"/>
  <testcase classname="Academy.validateNavigationBar" name="basePageNavigation" time="0.137"/>
  <testcase classname="Academy.HomePage" name="basePageNavigation" time="41.694"/>
  <testcase classname="Academy.HomePage" name="basePageNavigation" time="31.725"/>
</testsuite> <!-- Test -->
